<?xml version="1.0" encoding="UTF-8"?>
<!-- Generated by org.testng.reporters.JUnitXMLReporter -->
<testsuite ignored="0" hostname="BLR1-LHP-N80937" failures="0" tests="2" name="Test" time="9.477" errors="0" timestamp="2023-06-28T19:08:10 IST">
  <testcase classname="com.pom.SauceWebsiteCartValueVerification" name="@BeforeMethod SetUp" time="0.001">
    <failure type="java.lang.NullPointerException">
      <![CDATA[java.lang.NullPointerException
at java.base/java.util.concurrent.ConcurrentHashMap.putVal(ConcurrentHashMap.java:1011)
at java.base/java.util.concurrent.ConcurrentHashMap.put(ConcurrentHashMap.java:1006)
at java.base/java.util.Properties.put(Properties.java:1301)
at java.base/java.util.Properties.setProperty(Properties.java:229)
at java.base/java.lang.System.setProperty(System.java:999)
at com.pom.SauceWebsiteCartValueVerification.SetUp(SauceWebsiteCartValueVerification.java:29)
at java.base/java.util.ArrayList.forEach(ArrayList.java:1511)
... Removed 31 stack frames]]>
    </failure>
  </testcase> <!-- @BeforeMethod SetUp -->
  <testcase classname="com.pom.SauceWebsiteCartValueVerification" name="@AfterMethod BrowserClose" time="0.0">
    <skipped/>
  </testcase> <!-- @AfterMethod BrowserClose -->
  <testcase classname="com.pom.SauceWebsiteProductCheckout" name="ProductCheckOut" time="6.995"/>
  <testcase classname="com.pom.SauceWebsiteCartValueVerification" name="CartValueVerification" time="0.0">
    <skipped/>
  </testcase> <!-- CartValueVerification -->
</testsuite> <!-- Test -->
