<?xml version="1.0" encoding="UTF-8"?>
<!-- Generated by org.testng.reporters.JUnitXMLReporter -->
<testsuite ignored="0" hostname="BLR1-LHP-N80937" failures="0" tests="8" name="Test" time="20.676" errors="0" timestamp="2023-06-26T18:37:47 IST">
  <testcase classname="com.testng.TestForLogin" name="LoginSuccess" time="0.2"/>
  <testcase classname="com.testng.TestForLogin" name="LoginSuccess" time="0.21"/>
  <testcase classname="com.testng.TestForLogin" name="LoginSuccess" time="5.241"/>
  <testcase classname="com.testng.TestForLogin" name="LoginFailed" time="0.187"/>
  <testcase classname="com.testng.TestForLogin" name="LoginFailed" time="0.202"/>
  <testcase classname="com.testng.TestForLogin" name="LoginLocked" time="0.176"/>
  <testcase classname="com.testng.TestngAnnotation" name="f" time="0.0"/>
  <testcase classname="com.testng.TestngAnnotation" name="f2" time="0.001"/>
</testsuite> <!-- Test -->
