<?xml version="1.0" encoding="UTF-8"?>
<testng-results ignored="0" total="8" passed="8" failed="0" skipped="0">
  <reporter-output>
  </reporter-output>
  <suite started-at="2023-06-26T18:37:27 IST" name="Suite" finished-at="2023-06-26T18:37:47 IST" duration-ms="20676">
    <groups>
    </groups>
    <test started-at="2023-06-26T18:37:27 IST" name="Test" finished-at="2023-06-26T18:37:47 IST" duration-ms="20676">
      <class name="com.testng.TestForLogin">
        <test-method is-config="true" signature="beforeMethodBrowserSetUp()[pri:0, instance:com.testng.TestForLogin@b9b00e0]" started-at="2023-06-26T18:37:27 IST" name="beforeMethodBrowserSetUp" finished-at="2023-06-26T18:37:29 IST" duration-ms="2396" status="PASS">
          <reporter-output>
          </reporter-output>
        </test-method> <!-- beforeMethodBrowserSetUp -->
        <test-method signature="LoginSuccess(java.lang.String,java.lang.String)[pri:1, instance:com.testng.TestForLogin@b9b00e0]" started-at="2023-06-26T18:37:29 IST" name="LoginSuccess" data-provider="validData" finished-at="2023-06-26T18:37:29 IST" duration-ms="200" status="PASS">
          <params>
            <param index="0">
              <value>
                <![CDATA[standard_user]]>
              </value>
            </param>
            <param index="1">
              <value>
                <![CDATA[secret_sauce]]>
              </value>
            </param>
          </params>
          <reporter-output>
          </reporter-output>
        </test-method> <!-- LoginSuccess -->
        <test-method is-config="true" signature="afterMethodCloseBrowser()[pri:0, instance:com.testng.TestForLogin@b9b00e0]" started-at="2023-06-26T18:37:29 IST" name="afterMethodCloseBrowser" finished-at="2023-06-26T18:37:29 IST" duration-ms="182" status="PASS">
          <reporter-output>
          </reporter-output>
        </test-method> <!-- afterMethodCloseBrowser -->
        <test-method is-config="true" signature="beforeMethodBrowserSetUp()[pri:0, instance:com.testng.TestForLogin@b9b00e0]" started-at="2023-06-26T18:37:29 IST" name="beforeMethodBrowserSetUp" finished-at="2023-06-26T18:37:31 IST" duration-ms="1719" status="PASS">
          <reporter-output>
          </reporter-output>
        </test-method> <!-- beforeMethodBrowserSetUp -->
        <test-method signature="LoginSuccess(java.lang.String,java.lang.String)[pri:1, instance:com.testng.TestForLogin@b9b00e0]" started-at="2023-06-26T18:37:31 IST" name="LoginSuccess" data-provider="validData" finished-at="2023-06-26T18:37:31 IST" duration-ms="210" status="PASS">
          <params>
            <param index="0">
              <value>
                <![CDATA[problem_user]]>
              </value>
            </param>
            <param index="1">
              <value>
                <![CDATA[secret_sauce]]>
              </value>
            </param>
          </params>
          <reporter-output>
          </reporter-output>
        </test-method> <!-- LoginSuccess -->
        <test-method is-config="true" signature="afterMethodCloseBrowser()[pri:0, instance:com.testng.TestForLogin@b9b00e0]" started-at="2023-06-26T18:37:31 IST" name="afterMethodCloseBrowser" finished-at="2023-06-26T18:37:32 IST" duration-ms="181" status="PASS">
          <reporter-output>
          </reporter-output>
        </test-method> <!-- afterMethodCloseBrowser -->
        <test-method is-config="true" signature="beforeMethodBrowserSetUp()[pri:0, instance:com.testng.TestForLogin@b9b00e0]" started-at="2023-06-26T18:37:32 IST" name="beforeMethodBrowserSetUp" finished-at="2023-06-26T18:37:34 IST" duration-ms="2002" status="PASS">
          <reporter-output>
          </reporter-output>
        </test-method> <!-- beforeMethodBrowserSetUp -->
        <test-method signature="LoginSuccess(java.lang.String,java.lang.String)[pri:1, instance:com.testng.TestForLogin@b9b00e0]" started-at="2023-06-26T18:37:34 IST" name="LoginSuccess" data-provider="validData" finished-at="2023-06-26T18:37:39 IST" duration-ms="5241" status="PASS">
          <params>
            <param index="0">
              <value>
                <![CDATA[performance_glitch_user]]>
              </value>
            </param>
            <param index="1">
              <value>
                <![CDATA[secret_sauce]]>
              </value>
            </param>
          </params>
          <reporter-output>
          </reporter-output>
        </test-method> <!-- LoginSuccess -->
        <test-method is-config="true" signature="afterMethodCloseBrowser()[pri:0, instance:com.testng.TestForLogin@b9b00e0]" started-at="2023-06-26T18:37:39 IST" name="afterMethodCloseBrowser" finished-at="2023-06-26T18:37:39 IST" duration-ms="235" status="PASS">
          <reporter-output>
          </reporter-output>
        </test-method> <!-- afterMethodCloseBrowser -->
        <test-method is-config="true" signature="beforeMethodBrowserSetUp()[pri:0, instance:com.testng.TestForLogin@b9b00e0]" started-at="2023-06-26T18:37:39 IST" name="beforeMethodBrowserSetUp" finished-at="2023-06-26T18:37:42 IST" duration-ms="2559" status="PASS">
          <reporter-output>
          </reporter-output>
        </test-method> <!-- beforeMethodBrowserSetUp -->
        <test-method signature="LoginFailed(java.lang.String,java.lang.String)[pri:2, instance:com.testng.TestForLogin@b9b00e0]" started-at="2023-06-26T18:37:42 IST" name="LoginFailed" data-provider="invalidData" finished-at="2023-06-26T18:37:42 IST" duration-ms="187" status="PASS">
          <params>
            <param index="0">
              <value>
                <![CDATA[arya]]>
              </value>
            </param>
            <param index="1">
              <value>
                <![CDATA[secret_sauce]]>
              </value>
            </param>
          </params>
          <reporter-output>
          </reporter-output>
        </test-method> <!-- LoginFailed -->
        <test-method is-config="true" signature="afterMethodCloseBrowser()[pri:0, instance:com.testng.TestForLogin@b9b00e0]" started-at="2023-06-26T18:37:42 IST" name="afterMethodCloseBrowser" finished-at="2023-06-26T18:37:42 IST" duration-ms="217" status="PASS">
          <reporter-output>
          </reporter-output>
        </test-method> <!-- afterMethodCloseBrowser -->
        <test-method is-config="true" signature="beforeMethodBrowserSetUp()[pri:0, instance:com.testng.TestForLogin@b9b00e0]" started-at="2023-06-26T18:37:42 IST" name="beforeMethodBrowserSetUp" finished-at="2023-06-26T18:37:44 IST" duration-ms="2271" status="PASS">
          <reporter-output>
          </reporter-output>
        </test-method> <!-- beforeMethodBrowserSetUp -->
        <test-method signature="LoginFailed(java.lang.String,java.lang.String)[pri:2, instance:com.testng.TestForLogin@b9b00e0]" started-at="2023-06-26T18:37:44 IST" name="LoginFailed" data-provider="invalidData" finished-at="2023-06-26T18:37:44 IST" duration-ms="202" status="PASS">
          <params>
            <param index="0">
              <value>
                <![CDATA[Raju]]>
              </value>
            </param>
            <param index="1">
              <value>
                <![CDATA[secret_sauce]]>
              </value>
            </param>
          </params>
          <reporter-output>
          </reporter-output>
        </test-method> <!-- LoginFailed -->
        <test-method is-config="true" signature="afterMethodCloseBrowser()[pri:0, instance:com.testng.TestForLogin@b9b00e0]" started-at="2023-06-26T18:37:44 IST" name="afterMethodCloseBrowser" finished-at="2023-06-26T18:37:45 IST" duration-ms="178" status="PASS">
          <reporter-output>
          </reporter-output>
        </test-method> <!-- afterMethodCloseBrowser -->
        <test-method is-config="true" signature="beforeMethodBrowserSetUp()[pri:0, instance:com.testng.TestForLogin@b9b00e0]" started-at="2023-06-26T18:37:45 IST" name="beforeMethodBrowserSetUp" finished-at="2023-06-26T18:37:47 IST" duration-ms="2298" status="PASS">
          <reporter-output>
          </reporter-output>
        </test-method> <!-- beforeMethodBrowserSetUp -->
        <test-method signature="LoginLocked()[pri:3, instance:com.testng.TestForLogin@b9b00e0]" started-at="2023-06-26T18:37:47 IST" name="LoginLocked" finished-at="2023-06-26T18:37:47 IST" duration-ms="176" status="PASS">
          <reporter-output>
          </reporter-output>
        </test-method> <!-- LoginLocked -->
        <test-method is-config="true" signature="afterMethodCloseBrowser()[pri:0, instance:com.testng.TestForLogin@b9b00e0]" started-at="2023-06-26T18:37:47 IST" name="afterMethodCloseBrowser" finished-at="2023-06-26T18:37:47 IST" duration-ms="185" status="PASS">
          <reporter-output>
          </reporter-output>
        </test-method> <!-- afterMethodCloseBrowser -->
      </class> <!-- com.testng.TestForLogin -->
      <class name="com.testng.TestngAnnotation">
        <test-method is-config="true" signature="beforeSuite()[pri:0, instance:com.testng.TestngAnnotation@3c77d488]" started-at="2023-06-26T18:37:27 IST" name="beforeSuite" finished-at="2023-06-26T18:37:27 IST" duration-ms="11" status="PASS">
          <reporter-output>
          </reporter-output>
        </test-method> <!-- beforeSuite -->
        <test-method is-config="true" signature="beforeTest()[pri:0, instance:com.testng.TestngAnnotation@3c77d488]" started-at="2023-06-26T18:37:27 IST" name="beforeTest" finished-at="2023-06-26T18:37:27 IST" duration-ms="1" status="PASS">
          <reporter-output>
          </reporter-output>
        </test-method> <!-- beforeTest -->
        <test-method is-config="true" signature="beforeMethod()[pri:0, instance:com.testng.TestngAnnotation@3c77d488]" started-at="2023-06-26T18:37:47 IST" name="beforeMethod" finished-at="2023-06-26T18:37:47 IST" duration-ms="1" status="PASS">
          <reporter-output>
          </reporter-output>
        </test-method> <!-- beforeMethod -->
        <test-method is-config="true" signature="beforeClass()[pri:0, instance:com.testng.TestngAnnotation@3c77d488]" started-at="2023-06-26T18:37:47 IST" name="beforeClass" finished-at="2023-06-26T18:37:47 IST" duration-ms="0" status="PASS">
          <reporter-output>
          </reporter-output>
        </test-method> <!-- beforeClass -->
        <test-method signature="f()[pri:1, instance:com.testng.TestngAnnotation@3c77d488]" started-at="2023-06-26T18:37:47 IST" name="f" finished-at="2023-06-26T18:37:47 IST" duration-ms="0" status="PASS">
          <reporter-output>
          </reporter-output>
        </test-method> <!-- f -->
        <test-method is-config="true" signature="afterMethod()[pri:0, instance:com.testng.TestngAnnotation@3c77d488]" started-at="2023-06-26T18:37:47 IST" name="afterMethod" finished-at="2023-06-26T18:37:47 IST" duration-ms="1" status="PASS">
          <reporter-output>
          </reporter-output>
        </test-method> <!-- afterMethod -->
        <test-method signature="f2()[pri:2, instance:com.testng.TestngAnnotation@3c77d488]" started-at="2023-06-26T18:37:47 IST" name="f2" finished-at="2023-06-26T18:37:47 IST" duration-ms="1" status="PASS">
          <reporter-output>
          </reporter-output>
        </test-method> <!-- f2 -->
        <test-method is-config="true" signature="beforeMethod()[pri:0, instance:com.testng.TestngAnnotation@3c77d488]" started-at="2023-06-26T18:37:47 IST" name="beforeMethod" finished-at="2023-06-26T18:37:47 IST" duration-ms="0" status="PASS">
          <reporter-output>
          </reporter-output>
        </test-method> <!-- beforeMethod -->
        <test-method is-config="true" signature="afterMethod()[pri:0, instance:com.testng.TestngAnnotation@3c77d488]" started-at="2023-06-26T18:37:47 IST" name="afterMethod" finished-at="2023-06-26T18:37:47 IST" duration-ms="0" status="PASS">
          <reporter-output>
          </reporter-output>
        </test-method> <!-- afterMethod -->
        <test-method is-config="true" signature="afterClass()[pri:0, instance:com.testng.TestngAnnotation@3c77d488]" started-at="2023-06-26T18:37:47 IST" name="afterClass" finished-at="2023-06-26T18:37:47 IST" duration-ms="0" status="PASS">
          <reporter-output>
          </reporter-output>
        </test-method> <!-- afterClass -->
        <test-method is-config="true" signature="afterTest()[pri:0, instance:com.testng.TestngAnnotation@3c77d488]" started-at="2023-06-26T18:37:47 IST" name="afterTest" finished-at="2023-06-26T18:37:47 IST" duration-ms="0" status="PASS">
          <reporter-output>
          </reporter-output>
        </test-method> <!-- afterTest -->
        <test-method is-config="true" signature="afterSuite()[pri:0, instance:com.testng.TestngAnnotation@3c77d488]" started-at="2023-06-26T18:37:47 IST" name="afterSuite" finished-at="2023-06-26T18:37:47 IST" duration-ms="0" status="PASS">
          <reporter-output>
          </reporter-output>
        </test-method> <!-- afterSuite -->
      </class> <!-- com.testng.TestngAnnotation -->
    </test> <!-- Test -->
  </suite> <!-- Suite -->
</testng-results>
